No protocol specified
Type Ctrl-C to quit.
2021-07-12 21:08:54 | Starting watchdog observer(s).
2021-07-12 21:08:54 | Starting DigitalRFRingbuffer of (90000000000 bytes) in /mnt/ramdisk/hf25:
2021-07-12 21:08:54 | (0 files, 0% size)
2021-07-12 21:08:56 | (0 files, 0% size)
2021-07-12 21:08:58 | (0 files, 0% size)
2021-07-12 21:09:00 | (0 files, 0% size)
2021-07-12 21:09:02 | (0 files, 0% size)
2021-07-12 21:09:04 | (2 files, 0% size)
2021-07-12 21:09:06 | (4 files, 0% size)
2021-07-12 21:09:08 | (6 files, 0% size)
2021-07-12 21:09:10 | (8 files, 0% size)
2021-07-12 21:09:12 | (10 files, 1% size)
2021-07-12 21:09:14 | (12 files, 1% size)
2021-07-12 21:09:16 | (14 files, 1% size)
2021-07-12 21:09:18 | (16 files, 1% size)
2021-07-12 21:09:20 | (18 files, 2% size)
2021-07-12 21:09:22 | (20 files, 2% size)
2021-07-12 21:09:24 | (22 files, 2% size)
2021-07-12 21:09:26 | (24 files, 2% size)
2021-07-12 21:09:28 | (26 files, 2% size)
2021-07-12 21:09:30 | (28 files, 3% size)
2021-07-12 21:09:32 | (30 files, 3% size)
2021-07-12 21:09:34 | (32 files, 3% size)
2021-07-12 21:09:36 | (34 files, 3% size)
2021-07-12 21:09:38 | (36 files, 4% size)
2021-07-12 21:09:40 | (38 files, 4% size)
2021-07-12 21:09:42 | (40 files, 4% size)
2021-07-12 21:09:44 | (42 files, 4% size)
2021-07-12 21:09:46 | (44 files, 4% size)
2021-07-12 21:09:48 | (46 files, 5% size)
2021-07-12 21:09:50 | (48 files, 5% size)
2021-07-12 21:09:52 | (50 files, 5% size)
2021-07-12 21:09:54 | (52 files, 5% size)
2021-07-12 21:09:56 | (54 files, 6% size)
2021-07-12 21:09:58 | (56 files, 6% size)
2021-07-12 21:10:00 | (58 files, 6% size)
2021-07-12 21:10:02 | (60 files, 6% size)
2021-07-12 21:10:04 | (62 files, 6% size)
2021-07-12 21:10:06 | (64 files, 7% size)
2021-07-12 21:10:08 | (66 files, 7% size)
2021-07-12 21:10:10 | (68 files, 7% size)
2021-07-12 21:10:12 | (70 files, 7% size)
2021-07-12 21:10:14 | (72 files, 8% size)
2021-07-12 21:10:16 | (74 files, 8% size)
2021-07-12 21:10:18 | (76 files, 8% size)
2021-07-12 21:10:20 | (78 files, 8% size)
2021-07-12 21:10:22 | (80 files, 8% size)
2021-07-12 21:10:24 | (82 files, 9% size)
2021-07-12 21:10:26 | (84 files, 9% size)
2021-07-12 21:10:28 | (86 files, 9% size)
2021-07-12 21:10:30 | (88 files, 9% size)
2021-07-12 21:10:32 | (90 files, 10% size)
2021-07-12 21:10:34 | (92 files, 10% size)
2021-07-12 21:10:36 | (94 files, 10% size)
2021-07-12 21:10:38 | (96 files, 10% size)
2021-07-12 21:10:40 | (98 files, 10% size)
2021-07-12 21:10:42 | (100 files, 11% size)
2021-07-12 21:10:44 | (102 files, 11% size)
2021-07-12 21:10:46 | (104 files, 11% size)
2021-07-12 21:10:48 | (106 files, 11% size)
2021-07-12 21:10:50 | (108 files, 12% size)
2021-07-12 21:10:52 | (110 files, 12% size)
2021-07-12 21:10:54 | (112 files, 12% size)
2021-07-12 21:10:56 | (114 files, 12% size)
2021-07-12 21:10:58 | (116 files, 12% size)
2021-07-12 21:11:00 | (118 files, 13% size)
2021-07-12 21:11:02 | (120 files, 13% size)
2021-07-12 21:11:04 | (122 files, 13% size)
2021-07-12 21:11:06 | (124 files, 13% size)
2021-07-12 21:11:08 | (126 files, 14% size)
2021-07-12 21:11:10 | (128 files, 14% size)
2021-07-12 21:11:12 | (130 files, 14% size)
2021-07-12 21:11:14 | (132 files, 14% size)
2021-07-12 21:11:16 | (134 files, 14% size)
2021-07-12 21:11:18 | (136 files, 15% size)
2021-07-12 21:11:20 | (138 files, 15% size)
2021-07-12 21:11:22 | (140 files, 15% size)
2021-07-12 21:11:24 | (142 files, 15% size)
2021-07-12 21:11:26 | (144 files, 16% size)
2021-07-12 21:11:28 | (146 files, 16% size)
2021-07-12 21:11:30 | (148 files, 16% size)
2021-07-12 21:11:32 | (150 files, 16% size)
2021-07-12 21:11:34 | (152 files, 16% size)
2021-07-12 21:11:36 | (154 files, 17% size)
2021-07-12 21:11:38 | (156 files, 17% size)
2021-07-12 21:11:40 | (158 files, 17% size)
2021-07-12 21:11:42 | (160 files, 17% size)
2021-07-12 21:11:44 | (162 files, 18% size)
2021-07-12 21:11:46 | (164 files, 18% size)
2021-07-12 21:11:48 | (166 files, 18% size)
2021-07-12 21:11:50 | (168 files, 18% size)
2021-07-12 21:11:52 | (170 files, 18% size)
2021-07-12 21:11:54 | (172 files, 19% size)
2021-07-12 21:11:56 | (174 files, 19% size)
2021-07-12 21:11:58 | (176 files, 19% size)
2021-07-12 21:12:00 | (178 files, 19% size)
2021-07-12 21:12:02 | (180 files, 20% size)
2021-07-12 21:12:04 | (182 files, 20% size)
2021-07-12 21:12:06 | (184 files, 20% size)
2021-07-12 21:12:08 | (186 files, 20% size)
2021-07-12 21:12:10 | (188 files, 20% size)
2021-07-12 21:12:12 | (190 files, 21% size)
2021-07-12 21:12:14 | (192 files, 21% size)
2021-07-12 21:12:16 | (194 files, 21% size)
2021-07-12 21:12:18 | (196 files, 21% size)
2021-07-12 21:12:20 | (198 files, 22% size)
2021-07-12 21:12:22 | (200 files, 22% size)
2021-07-12 21:12:24 | (202 files, 22% size)
2021-07-12 21:12:26 | (204 files, 22% size)
2021-07-12 21:12:28 | (206 files, 22% size)
2021-07-12 21:12:30 | (208 files, 23% size)
2021-07-12 21:12:32 | (210 files, 23% size)
2021-07-12 21:12:34 | (213 files, 23% size)
2021-07-12 21:12:36 | (215 files, 23% size)
2021-07-12 21:12:38 | (217 files, 24% size)
2021-07-12 21:12:40 | (219 files, 24% size)
2021-07-12 21:12:42 | (221 files, 24% size)
2021-07-12 21:12:44 | (223 files, 24% size)
2021-07-12 21:12:46 | (225 files, 25% size)
2021-07-12 21:12:48 | (227 files, 25% size)
2021-07-12 21:12:50 | (229 files, 25% size)
2021-07-12 21:12:52 | (231 files, 25% size)
2021-07-12 21:12:54 | (233 files, 25% size)
2021-07-12 21:12:56 | (235 files, 26% size)
2021-07-12 21:12:58 | (237 files, 26% size)
2021-07-12 21:13:00 | (239 files, 26% size)
2021-07-12 21:13:02 | (241 files, 26% size)
2021-07-12 21:13:04 | (243 files, 27% size)
2021-07-12 21:13:06 | (245 files, 27% size)
2021-07-12 21:13:08 | (247 files, 27% size)
2021-07-12 21:13:10 | (249 files, 27% size)
2021-07-12 21:13:12 | (251 files, 27% size)
2021-07-12 21:13:14 | (253 files, 28% size)
2021-07-12 21:13:16 | (255 files, 28% size)
2021-07-12 21:13:18 | (257 files, 28% size)
2021-07-12 21:13:20 | (259 files, 28% size)
2021-07-12 21:13:22 | (261 files, 29% size)
2021-07-12 21:13:24 | (263 files, 29% size)
2021-07-12 21:13:26 | (265 files, 29% size)
2021-07-12 21:13:28 | (267 files, 29% size)
2021-07-12 21:13:30 | (269 files, 29% size)
2021-07-12 21:13:32 | (271 files, 30% size)
2021-07-12 21:13:34 | (273 files, 30% size)
2021-07-12 21:13:36 | (275 files, 30% size)
2021-07-12 21:13:38 | (277 files, 30% size)
2021-07-12 21:13:40 | (279 files, 31% size)
2021-07-12 21:13:42 | (281 files, 31% size)
2021-07-12 21:13:44 | (283 files, 31% size)
2021-07-12 21:13:46 | (285 files, 31% size)
2021-07-12 21:13:48 | (287 files, 31% size)
2021-07-12 21:13:50 | (289 files, 32% size)
2021-07-12 21:13:52 | (291 files, 32% size)
2021-07-12 21:13:54 | (293 files, 32% size)
2021-07-12 21:13:56 | (295 files, 32% size)
2021-07-12 21:13:58 | (297 files, 33% size)
2021-07-12 21:14:00 | (299 files, 33% size)
2021-07-12 21:14:02 | (301 files, 33% size)
2021-07-12 21:14:04 | (303 files, 33% size)
2021-07-12 21:14:06 | (305 files, 33% size)
2021-07-12 21:14:08 | (307 files, 34% size)
2021-07-12 21:14:10 | (309 files, 34% size)
2021-07-12 21:14:12 | (311 files, 34% size)
2021-07-12 21:14:14 | (313 files, 34% size)
2021-07-12 21:14:16 | (315 files, 35% size)
2021-07-12 21:14:18 | (317 files, 35% size)
2021-07-12 21:14:20 | (319 files, 35% size)
2021-07-12 21:14:22 | (321 files, 35% size)
2021-07-12 21:14:24 | (323 files, 35% size)
2021-07-12 21:14:26 | (325 files, 36% size)
2021-07-12 21:14:28 | (327 files, 36% size)
2021-07-12 21:14:30 | (329 files, 36% size)
2021-07-12 21:14:32 | (331 files, 36% size)
2021-07-12 21:14:34 | (333 files, 37% size)
2021-07-12 21:14:36 | (335 files, 37% size)
2021-07-12 21:14:38 | (337 files, 37% size)
2021-07-12 21:14:40 | (339 files, 37% size)
2021-07-12 21:14:42 | (341 files, 37% size)
2021-07-12 21:14:44 | (343 files, 38% size)
2021-07-12 21:14:46 | (345 files, 38% size)
2021-07-12 21:14:48 | (347 files, 38% size)
2021-07-12 21:14:50 | (349 files, 38% size)
2021-07-12 21:14:52 | (351 files, 39% size)
2021-07-12 21:14:54 | (353 files, 39% size)
2021-07-12 21:14:56 | (355 files, 39% size)
2021-07-12 21:14:58 | (357 files, 39% size)
2021-07-12 21:15:00 | (359 files, 39% size)
2021-07-12 21:15:02 | (361 files, 40% size)
2021-07-12 21:15:04 | (363 files, 40% size)
2021-07-12 21:15:06 | (365 files, 40% size)
2021-07-12 21:15:08 | (367 files, 40% size)
2021-07-12 21:15:10 | (369 files, 41% size)
2021-07-12 21:15:12 | (371 files, 41% size)
2021-07-12 21:15:14 | (373 files, 41% size)
2021-07-12 21:15:16 | (375 files, 41% size)
2021-07-12 21:15:18 | (377 files, 41% size)
2021-07-12 21:15:20 | (379 files, 42% size)
2021-07-12 21:15:22 | (381 files, 42% size)
2021-07-12 21:15:24 | (383 files, 42% size)
2021-07-12 21:15:26 | (385 files, 42% size)
2021-07-12 21:15:28 | (387 files, 43% size)
2021-07-12 21:15:30 | (389 files, 43% size)
2021-07-12 21:15:32 | (391 files, 43% size)
2021-07-12 21:15:34 | (393 files, 43% size)
2021-07-12 21:15:36 | (395 files, 43% size)
2021-07-12 21:15:38 | (397 files, 44% size)
2021-07-12 21:15:40 | (399 files, 44% size)
2021-07-12 21:15:42 | (401 files, 44% size)
2021-07-12 21:15:44 | (403 files, 44% size)
2021-07-12 21:15:46 | (405 files, 45% size)
2021-07-12 21:15:48 | (407 files, 45% size)
2021-07-12 21:15:50 | (409 files, 45% size)
2021-07-12 21:15:52 | (411 files, 45% size)
2021-07-12 21:15:54 | (413 files, 45% size)
2021-07-12 21:15:56 | (415 files, 46% size)
2021-07-12 21:15:58 | (417 files, 46% size)
2021-07-12 21:16:00 | (419 files, 46% size)
2021-07-12 21:16:02 | (421 files, 46% size)
2021-07-12 21:16:04 | (423 files, 47% size)
2021-07-12 21:16:06 | (425 files, 47% size)
2021-07-12 21:16:08 | (427 files, 47% size)
2021-07-12 21:16:10 | (429 files, 47% size)
2021-07-12 21:16:12 | (431 files, 47% size)
2021-07-12 21:16:14 | (433 files, 48% size)
2021-07-12 21:16:16 | (435 files, 48% size)
2021-07-12 21:16:18 | (437 files, 48% size)
2021-07-12 21:16:20 | (439 files, 48% size)
2021-07-12 21:16:22 | (441 files, 49% size)
2021-07-12 21:16:24 | (443 files, 49% size)
2021-07-12 21:16:26 | (445 files, 49% size)
2021-07-12 21:16:28 | (447 files, 49% size)
2021-07-12 21:16:30 | (449 files, 49% size)
2021-07-12 21:16:32 | (451 files, 50% size)
2021-07-12 21:16:34 | (453 files, 50% size)
2021-07-12 21:16:36 | (455 files, 50% size)
2021-07-12 21:16:38 | (457 files, 50% size)
2021-07-12 21:16:40 | (459 files, 51% size)
2021-07-12 21:16:42 | (461 files, 51% size)
2021-07-12 21:16:44 | (463 files, 51% size)
2021-07-12 21:16:46 | (465 files, 51% size)
2021-07-12 21:16:48 | (467 files, 51% size)
2021-07-12 21:16:50 | (469 files, 52% size)
2021-07-12 21:16:52 | (471 files, 52% size)
2021-07-12 21:16:54 | (473 files, 52% size)
2021-07-12 21:16:56 | (475 files, 52% size)
2021-07-12 21:16:58 | (477 files, 53% size)
2021-07-12 21:17:00 | (479 files, 53% size)
2021-07-12 21:17:02 | (481 files, 53% size)
2021-07-12 21:17:04 | (483 files, 53% size)
2021-07-12 21:17:06 | (485 files, 53% size)
2021-07-12 21:17:08 | (487 files, 54% size)
2021-07-12 21:17:10 | (489 files, 54% size)
2021-07-12 21:17:12 | (491 files, 54% size)
2021-07-12 21:17:14 | (493 files, 54% size)
2021-07-12 21:17:16 | (495 files, 55% size)
2021-07-12 21:17:18 | (497 files, 55% size)
2021-07-12 21:17:20 | (499 files, 55% size)
2021-07-12 21:17:22 | (501 files, 55% size)
2021-07-12 21:17:24 | (503 files, 55% size)
2021-07-12 21:17:26 | (505 files, 56% size)
2021-07-12 21:17:28 | (507 files, 56% size)
2021-07-12 21:17:30 | (509 files, 56% size)
2021-07-12 21:17:32 | (511 files, 56% size)
2021-07-12 21:17:34 | (513 files, 57% size)
2021-07-12 21:17:36 | (515 files, 57% size)
2021-07-12 21:17:38 | (517 files, 57% size)
2021-07-12 21:17:40 | (519 files, 57% size)
2021-07-12 21:17:42 | (521 files, 57% size)
2021-07-12 21:17:44 | (523 files, 58% size)
2021-07-12 21:17:46 | (525 files, 58% size)
2021-07-12 21:17:48 | (527 files, 58% size)
2021-07-12 21:17:50 | (529 files, 58% size)
2021-07-12 21:17:52 | (531 files, 59% size)
2021-07-12 21:17:54 | (533 files, 59% size)
2021-07-12 21:17:56 | (535 files, 59% size)
2021-07-12 21:17:58 | (537 files, 59% size)
2021-07-12 21:18:00 | (539 files, 59% size)
2021-07-12 21:18:02 | (541 files, 60% size)
2021-07-12 21:18:04 | (543 files, 60% size)
2021-07-12 21:18:06 | (545 files, 60% size)
2021-07-12 21:18:08 | (547 files, 60% size)
2021-07-12 21:18:10 | (549 files, 61% size)
2021-07-12 21:18:12 | (551 files, 61% size)
2021-07-12 21:18:14 | (553 files, 61% size)
2021-07-12 21:18:16 | (555 files, 61% size)
2021-07-12 21:18:18 | (557 files, 61% size)
2021-07-12 21:18:20 | (559 files, 62% size)
2021-07-12 21:18:22 | (561 files, 62% size)
2021-07-12 21:18:24 | (563 files, 62% size)
2021-07-12 21:18:26 | (565 files, 62% size)
2021-07-12 21:18:28 | (567 files, 63% size)
2021-07-12 21:18:30 | (569 files, 63% size)
2021-07-12 21:18:32 | (571 files, 63% size)
2021-07-12 21:18:34 | (573 files, 63% size)
2021-07-12 21:18:36 | (575 files, 63% size)
2021-07-12 21:18:38 | (577 files, 64% size)
2021-07-12 21:18:40 | (579 files, 64% size)
2021-07-12 21:18:42 | (581 files, 64% size)
2021-07-12 21:18:44 | (583 files, 64% size)
2021-07-12 21:18:46 | (585 files, 65% size)
2021-07-12 21:18:48 | (587 files, 65% size)
2021-07-12 21:18:50 | (589 files, 65% size)
2021-07-12 21:18:52 | (591 files, 65% size)
2021-07-12 21:18:54 | (593 files, 65% size)
2021-07-12 21:18:56 | (595 files, 66% size)
2021-07-12 21:18:58 | (597 files, 66% size)
2021-07-12 21:19:00 | (599 files, 66% size)
2021-07-12 21:19:02 | (601 files, 66% size)
2021-07-12 21:19:04 | (603 files, 67% size)
2021-07-12 21:19:06 | (605 files, 67% size)
2021-07-12 21:19:08 | (607 files, 67% size)
2021-07-12 21:19:10 | (609 files, 67% size)
2021-07-12 21:19:12 | (611 files, 67% size)
2021-07-12 21:19:14 | (613 files, 68% size)
2021-07-12 21:19:16 | (615 files, 68% size)
2021-07-12 21:19:18 | (617 files, 68% size)
2021-07-12 21:19:20 | (619 files, 68% size)
2021-07-12 21:19:22 | (621 files, 69% size)
2021-07-12 21:19:24 | (623 files, 69% size)
2021-07-12 21:19:26 | (625 files, 69% size)
2021-07-12 21:19:28 | (626 files, 69% size)
2021-07-12 21:19:30 | (628 files, 69% size)
2021-07-12 21:19:32 | (630 files, 70% size)
2021-07-12 21:19:34 | (632 files, 70% size)
2021-07-12 21:19:36 | (634 files, 70% size)
2021-07-12 21:19:38 | (636 files, 70% size)
2021-07-12 21:19:40 | (638 files, 70% size)
2021-07-12 21:19:42 | (640 files, 71% size)
2021-07-12 21:19:44 | (642 files, 71% size)
2021-07-12 21:19:46 | (644 files, 71% size)
2021-07-12 21:19:48 | (646 files, 71% size)
2021-07-12 21:19:50 | (648 files, 72% size)
2021-07-12 21:19:52 | (650 files, 72% size)
2021-07-12 21:19:54 | (652 files, 72% size)
2021-07-12 21:19:56 | (654 files, 72% size)
2021-07-12 21:19:58 | (656 files, 72% size)
2021-07-12 21:20:00 | (658 files, 73% size)
2021-07-12 21:20:02 | (660 files, 73% size)
2021-07-12 21:20:04 | (662 files, 73% size)
2021-07-12 21:20:06 | (664 files, 73% size)
2021-07-12 21:20:08 | (666 files, 74% size)
2021-07-12 21:20:10 | (668 files, 74% size)
2021-07-12 21:20:12 | (670 files, 74% size)
2021-07-12 21:20:14 | (672 files, 74% size)
2021-07-12 21:20:16 | (674 files, 74% size)
2021-07-12 21:20:18 | (676 files, 75% size)
2021-07-12 21:20:20 | (678 files, 75% size)
2021-07-12 21:20:22 | (680 files, 75% size)
2021-07-12 21:20:24 | (682 files, 75% size)
2021-07-12 21:20:26 | (684 files, 76% size)
2021-07-12 21:20:28 | (686 files, 76% size)
2021-07-12 21:20:30 | (688 files, 76% size)
2021-07-12 21:20:32 | (690 files, 76% size)
2021-07-12 21:20:34 | (692 files, 76% size)
2021-07-12 21:20:36 | (694 files, 77% size)
2021-07-12 21:20:38 | (696 files, 77% size)
2021-07-12 21:20:40 | (698 files, 77% size)
2021-07-12 21:20:42 | (700 files, 77% size)
2021-07-12 21:20:44 | (702 files, 78% size)
2021-07-12 21:20:46 | (704 files, 78% size)
2021-07-12 21:20:48 | (706 files, 78% size)
2021-07-12 21:20:50 | (708 files, 78% size)
2021-07-12 21:20:52 | (710 files, 78% size)
2021-07-12 21:20:54 | (712 files, 79% size)
2021-07-12 21:20:56 | (714 files, 79% size)
2021-07-12 21:20:58 | (716 files, 79% size)
2021-07-12 21:21:00 | (718 files, 79% size)
2021-07-12 21:21:02 | (720 files, 80% size)
2021-07-12 21:21:04 | (722 files, 80% size)
2021-07-12 21:21:06 | (724 files, 80% size)
2021-07-12 21:21:08 | (726 files, 80% size)
2021-07-12 21:21:10 | (728 files, 80% size)
2021-07-12 21:21:12 | (730 files, 81% size)
2021-07-12 21:21:14 | (732 files, 81% size)
2021-07-12 21:21:16 | (734 files, 81% size)
2021-07-12 21:21:18 | (736 files, 81% size)
2021-07-12 21:21:20 | (738 files, 82% size)
2021-07-12 21:21:22 | (740 files, 82% size)
2021-07-12 21:21:24 | (742 files, 82% size)
2021-07-12 21:21:26 | (744 files, 82% size)
2021-07-12 21:21:28 | (746 files, 82% size)
2021-07-12 21:21:30 | (748 files, 83% size)
2021-07-12 21:21:32 | (750 files, 83% size)
2021-07-12 21:21:34 | (752 files, 83% size)
2021-07-12 21:21:36 | (754 files, 83% size)
2021-07-12 21:21:38 | (756 files, 84% size)
2021-07-12 21:21:40 | (758 files, 84% size)
2021-07-12 21:21:42 | (760 files, 84% size)
2021-07-12 21:21:44 | (762 files, 84% size)
2021-07-12 21:21:46 | (764 files, 84% size)
2021-07-12 21:21:48 | (766 files, 85% size)
2021-07-12 21:21:50 | (768 files, 85% size)
2021-07-12 21:21:52 | (770 files, 85% size)
2021-07-12 21:21:54 | (772 files, 85% size)
2021-07-12 21:21:56 | (774 files, 86% size)
2021-07-12 21:21:58 | (776 files, 86% size)
2021-07-12 21:22:00 | (778 files, 86% size)
2021-07-12 21:22:02 | (780 files, 86% size)
2021-07-12 21:22:04 | (782 files, 86% size)
2021-07-12 21:22:06 | (784 files, 87% size)
2021-07-12 21:22:08 | (786 files, 87% size)
2021-07-12 21:22:10 | (788 files, 87% size)
2021-07-12 21:22:12 | (790 files, 87% size)
2021-07-12 21:22:14 | (792 files, 88% size)
2021-07-12 21:22:16 | (794 files, 88% size)
2021-07-12 21:22:18 | (796 files, 88% size)
2021-07-12 21:22:20 | (798 files, 88% size)
2021-07-12 21:22:22 | (800 files, 88% size)
2021-07-12 21:22:24 | (802 files, 89% size)
2021-07-12 21:22:26 | (804 files, 89% size)
2021-07-12 21:22:28 | (806 files, 89% size)
2021-07-12 21:22:30 | (808 files, 89% size)
2021-07-12 21:22:32 | (810 files, 90% size)
2021-07-12 21:22:34 | (812 files, 90% size)
2021-07-12 21:22:36 | (814 files, 90% size)
2021-07-12 21:22:38 | (816 files, 90% size)
2021-07-12 21:22:40 | (818 files, 90% size)
2021-07-12 21:22:42 | (820 files, 91% size)
2021-07-12 21:22:44 | (822 files, 91% size)
2021-07-12 21:22:46 | (824 files, 91% size)
2021-07-12 21:22:48 | (826 files, 91% size)
2021-07-12 21:22:50 | (828 files, 92% size)
2021-07-12 21:22:52 | (830 files, 92% size)
2021-07-12 21:22:54 | (832 files, 92% size)
2021-07-12 21:22:56 | (834 files, 92% size)
2021-07-12 21:22:58 | (836 files, 92% size)
2021-07-12 21:23:00 | (838 files, 93% size)
2021-07-12 21:23:02 | (840 files, 93% size)
2021-07-12 21:23:04 | (842 files, 93% size)
2021-07-12 21:23:06 | (844 files, 93% size)
2021-07-12 21:23:08 | (846 files, 94% size)
2021-07-12 21:23:10 | (848 files, 94% size)
2021-07-12 21:23:12 | (850 files, 94% size)
2021-07-12 21:23:14 | (852 files, 94% size)
2021-07-12 21:23:16 | (854 files, 94% size)
2021-07-12 21:23:18 | (856 files, 95% size)
2021-07-12 21:23:20 | (858 files, 95% size)
2021-07-12 21:23:22 | (860 files, 95% size)
2021-07-12 21:23:24 | (862 files, 95% size)
2021-07-12 21:23:26 | (864 files, 96% size)
2021-07-12 21:23:28 | (866 files, 96% size)
2021-07-12 21:23:30 | (868 files, 96% size)
2021-07-12 21:23:32 | (870 files, 96% size)
2021-07-12 21:23:34 | (872 files, 96% size)
2021-07-12 21:23:36 | (874 files, 97% size)
2021-07-12 21:23:38 | (876 files, 97% size)
2021-07-12 21:23:40 | (878 files, 97% size)
2021-07-12 21:23:42 | (880 files, 97% size)
2021-07-12 21:23:44 | (882 files, 98% size)
2021-07-12 21:23:46 | (884 files, 98% size)
2021-07-12 21:23:48 | (886 files, 98% size)
2021-07-12 21:23:50 | (888 files, 98% size)
2021-07-12 21:23:52 | (890 files, 98% size)
2021-07-12 21:23:54 | (892 files, 99% size)
2021-07-12 21:23:56 | (894 files, 99% size)
2021-07-12 21:23:58 | (896 files, 99% size)
2021-07-12 21:24:00 | (898 files, 99% size)
2021-07-12 21:24:02 | (899 files, 99% size)
2021-07-12 21:24:04 | (899 files, 99% size)
2021-07-12 21:24:06 | (899 files, 99% size)
2021-07-12 21:24:08 | (899 files, 99% size)
2021-07-12 21:24:10 | (899 files, 99% size)
2021-07-12 21:24:12 | (899 files, 99% size)
2021-07-12 21:24:14 | (899 files, 99% size)
2021-07-12 21:24:16 | (899 files, 99% size)
2021-07-12 21:24:18 | (899 files, 99% size)
2021-07-12 21:24:20 | (899 files, 99% size)
2021-07-12 21:24:22 | (899 files, 99% size)
2021-07-12 21:24:24 | (899 files, 99% size)
2021-07-12 21:24:26 | (899 files, 99% size)
2021-07-12 21:24:28 | (899 files, 99% size)
2021-07-12 21:24:30 | (899 files, 99% size)
2021-07-12 21:24:32 | (899 files, 99% size)
2021-07-12 21:24:34 | (899 files, 99% size)
2021-07-12 21:24:36 | (899 files, 99% size)
2021-07-12 21:24:38 | (899 files, 99% size)
2021-07-12 21:24:40 | (899 files, 99% size)
2021-07-12 21:24:42 | (899 files, 99% size)
2021-07-12 21:24:44 | (899 files, 99% size)
2021-07-12 21:24:46 | (899 files, 99% size)
2021-07-12 21:24:48 | (899 files, 99% size)
2021-07-12 21:24:50 | (899 files, 99% size)
2021-07-12 21:24:52 | (899 files, 99% size)
2021-07-12 21:24:54 | (899 files, 99% size)
2021-07-12 21:24:56 | (899 files, 99% size)
2021-07-12 21:24:58 | (899 files, 99% size)
2021-07-12 21:25:00 | (899 files, 99% size)
2021-07-12 21:25:02 | (899 files, 99% size)
2021-07-12 21:25:04 | (899 files, 99% size)
2021-07-12 21:25:06 | (899 files, 99% size)
2021-07-12 21:25:08 | (899 files, 99% size)
2021-07-12 21:25:10 | (899 files, 99% size)
2021-07-12 21:25:12 | (899 files, 99% size)
2021-07-12 21:25:14 | (899 files, 99% size)
2021-07-12 21:25:16 | (899 files, 99% size)
2021-07-12 21:25:18 | (899 files, 99% size)
2021-07-12 21:25:20 | (899 files, 99% size)
2021-07-12 21:25:22 | (899 files, 99% size)
2021-07-12 21:25:24 | (899 files, 99% size)
2021-07-12 21:25:26 | (899 files, 99% size)
2021-07-12 21:25:28 | (899 files, 99% size)
2021-07-12 21:25:30 | (899 files, 99% size)
2021-07-12 21:25:32 | (899 files, 99% size)
2021-07-12 21:25:34 | (899 files, 99% size)
2021-07-12 21:25:36 | (899 files, 99% size)
2021-07-12 21:25:38 | (899 files, 99% size)
2021-07-12 21:25:40 | (899 files, 99% size)
2021-07-12 21:25:42 | (899 files, 99% size)
2021-07-12 21:25:44 | (899 files, 99% size)
2021-07-12 21:25:46 | (899 files, 99% size)
2021-07-12 21:25:48 | (899 files, 99% size)
2021-07-12 21:25:50 | (899 files, 99% size)
2021-07-12 21:25:52 | (899 files, 99% size)
2021-07-12 21:25:54 | (899 files, 99% size)
2021-07-12 21:25:56 | (899 files, 99% size)
2021-07-12 21:25:58 | (899 files, 99% size)
2021-07-12 21:26:00 | (899 files, 99% size)
2021-07-12 21:26:02 | (899 files, 99% size)
2021-07-12 21:26:04 | (899 files, 99% size)
2021-07-12 21:26:06 | (899 files, 99% size)
2021-07-12 21:26:08 | (899 files, 99% size)
2021-07-12 21:26:10 | (899 files, 99% size)
2021-07-12 21:26:12 | (899 files, 99% size)
2021-07-12 21:26:14 | (899 files, 99% size)
2021-07-12 21:26:16 | (899 files, 99% size)
2021-07-12 21:26:18 | (899 files, 99% size)
2021-07-12 21:26:20 | (899 files, 99% size)
2021-07-12 21:26:22 | (899 files, 99% size)
2021-07-12 21:26:24 | (899 files, 99% size)
2021-07-12 21:26:26 | (899 files, 99% size)
2021-07-12 21:26:28 | (899 files, 99% size)
2021-07-12 21:26:30 | (899 files, 99% size)
2021-07-12 21:26:32 | (899 files, 99% size)
2021-07-12 21:26:34 | (899 files, 99% size)
2021-07-12 21:26:36 | (899 files, 99% size)
2021-07-12 21:26:38 | (899 files, 99% size)
2021-07-12 21:26:40 | (899 files, 99% size)
2021-07-12 21:26:42 | (899 files, 99% size)
2021-07-12 21:26:44 | (899 files, 99% size)
2021-07-12 21:26:46 | (899 files, 99% size)
2021-07-12 21:26:48 | (899 files, 99% size)
2021-07-12 21:26:50 | (899 files, 99% size)
2021-07-12 21:26:52 | (899 files, 99% size)
2021-07-12 21:26:54 | (899 files, 99% size)
2021-07-12 21:26:56 | (899 files, 99% size)
2021-07-12 21:26:58 | (899 files, 99% size)
2021-07-12 21:27:00 | (899 files, 99% size)
2021-07-12 21:27:02 | (899 files, 99% size)
2021-07-12 21:27:04 | (899 files, 99% size)
2021-07-12 21:27:06 | (899 files, 99% size)
2021-07-12 21:27:08 | (899 files, 99% size)
2021-07-12 21:27:10 | (899 files, 99% size)
2021-07-12 21:27:12 | (899 files, 99% size)
2021-07-12 21:27:14 | (899 files, 99% size)
2021-07-12 21:27:16 | (899 files, 99% size)
2021-07-12 21:27:18 | (899 files, 99% size)
2021-07-12 21:27:20 | (899 files, 99% size)
2021-07-12 21:27:22 | (899 files, 99% size)
2021-07-12 21:27:24 | (899 files, 99% size)
2021-07-12 21:27:26 | (899 files, 99% size)
2021-07-12 21:27:28 | (899 files, 99% size)
2021-07-12 21:27:30 | (899 files, 99% size)
2021-07-12 21:27:32 | (899 files, 99% size)
2021-07-12 21:27:34 | (899 files, 99% size)
2021-07-12 21:27:36 | (899 files, 99% size)
2021-07-12 21:27:38 | (899 files, 99% size)
2021-07-12 21:27:40 | (899 files, 99% size)
2021-07-12 21:27:42 | (899 files, 99% size)
2021-07-12 21:27:44 | (899 files, 99% size)
2021-07-12 21:27:46 | (899 files, 99% size)
2021-07-12 21:27:48 | (899 files, 99% size)
2021-07-12 21:27:50 | (899 files, 99% size)
2021-07-12 21:27:52 | (899 files, 99% size)
2021-07-12 21:27:54 | (899 files, 99% size)
2021-07-12 21:27:56 | (899 files, 99% size)
2021-07-12 21:27:58 | (899 files, 99% size)
2021-07-12 21:28:00 | (899 files, 99% size)
2021-07-12 21:28:02 | (899 files, 99% size)
2021-07-12 21:28:04 | (899 files, 99% size)
2021-07-12 21:28:06 | (899 files, 99% size)
2021-07-12 21:28:08 | (899 files, 99% size)
2021-07-12 21:28:10 | (899 files, 99% size)
2021-07-12 21:28:12 | (899 files, 99% size)
2021-07-12 21:28:14 | (899 files, 99% size)
2021-07-12 21:28:16 | (899 files, 99% size)
2021-07-12 21:28:18 | (899 files, 99% size)
2021-07-12 21:28:20 | (899 files, 99% size)
2021-07-12 21:28:22 | (899 files, 99% size)
2021-07-12 21:28:24 | (899 files, 99% size)
2021-07-12 21:28:26 | (899 files, 99% size)
2021-07-12 21:28:28 | (899 files, 99% size)
2021-07-12 21:28:30 | (899 files, 99% size)
2021-07-12 21:28:32 | (899 files, 99% size)
2021-07-12 21:28:34 | (899 files, 99% size)
2021-07-12 21:28:36 | (899 files, 99% size)
2021-07-12 21:28:38 | (899 files, 99% size)
2021-07-12 21:28:40 | (899 files, 99% size)
2021-07-12 21:28:42 | (899 files, 99% size)
2021-07-12 21:28:44 | (899 files, 99% size)
2021-07-12 21:28:46 | (899 files, 99% size)
2021-07-12 21:28:48 | (899 files, 99% size)
2021-07-12 21:28:50 | (899 files, 99% size)
2021-07-12 21:28:52 | (899 files, 99% size)
2021-07-12 21:28:54 | (899 files, 99% size)
2021-07-12 21:28:56 | (899 files, 99% size)
2021-07-12 21:28:58 | (899 files, 99% size)
2021-07-12 21:29:00 | (899 files, 99% size)
2021-07-12 21:29:02 | (899 files, 99% size)
2021-07-12 21:29:04 | (899 files, 99% size)
2021-07-12 21:29:06 | (899 files, 99% size)
2021-07-12 21:29:08 | (899 files, 99% size)
2021-07-12 21:29:10 | (899 files, 99% size)
2021-07-12 21:29:12 | (899 files, 99% size)
2021-07-12 21:29:14 | (899 files, 99% size)
2021-07-12 21:29:16 | (899 files, 99% size)
2021-07-12 21:29:18 | (899 files, 99% size)
2021-07-12 21:29:20 | (899 files, 99% size)
2021-07-12 21:29:22 | (899 files, 99% size)
2021-07-12 21:29:24 | (899 files, 99% size)
2021-07-12 21:29:26 | (899 files, 99% size)
2021-07-12 21:29:28 | (899 files, 99% size)
2021-07-12 21:29:30 | (899 files, 99% size)
2021-07-12 21:29:32 | (899 files, 99% size)
2021-07-12 21:29:34 | (899 files, 99% size)
2021-07-12 21:29:36 | (899 files, 99% size)
2021-07-12 21:29:38 | (899 files, 99% size)
2021-07-12 21:29:40 | (899 files, 99% size)
2021-07-12 21:29:42 | (899 files, 99% size)
2021-07-12 21:29:44 | (899 files, 99% size)
2021-07-12 21:29:46 | (899 files, 99% size)
2021-07-12 21:29:48 | (899 files, 99% size)
2021-07-12 21:29:50 | (899 files, 99% size)
2021-07-12 21:29:52 | (899 files, 99% size)
2021-07-12 21:29:54 | (899 files, 99% size)
2021-07-12 21:29:56 | (899 files, 99% size)
2021-07-12 21:29:58 | (899 files, 99% size)
2021-07-12 21:30:00 | (899 files, 99% size)
2021-07-12 21:30:02 | (899 files, 99% size)
2021-07-12 21:30:04 | (899 files, 99% size)
2021-07-12 21:30:06 | (899 files, 99% size)
2021-07-12 21:30:08 | (899 files, 99% size)
2021-07-12 21:30:10 | (899 files, 99% size)
2021-07-12 21:30:12 | (899 files, 99% size)
2021-07-12 21:30:14 | (899 files, 99% size)
2021-07-12 21:30:16 | (899 files, 99% size)
2021-07-12 21:30:18 | (899 files, 99% size)
2021-07-12 21:30:20 | (899 files, 99% size)
2021-07-12 21:30:22 | (899 files, 99% size)
2021-07-12 21:30:24 | (899 files, 99% size)
2021-07-12 21:30:26 | (899 files, 99% size)
2021-07-12 21:30:28 | (899 files, 99% size)
2021-07-12 21:30:30 | (899 files, 99% size)
2021-07-12 21:30:32 | (899 files, 99% size)
2021-07-12 21:30:34 | (899 files, 99% size)
2021-07-12 21:30:36 | (899 files, 99% size)
2021-07-12 21:30:38 | (899 files, 99% size)
2021-07-12 21:30:40 | (899 files, 99% size)
2021-07-12 21:30:42 | (899 files, 99% size)
2021-07-12 21:30:44 | (899 files, 99% size)
2021-07-12 21:30:46 | (899 files, 99% size)
2021-07-12 21:30:48 | (899 files, 99% size)
2021-07-12 21:30:50 | (899 files, 99% size)
2021-07-12 21:30:52 | (899 files, 99% size)
2021-07-12 21:30:54 | (899 files, 99% size)
2021-07-12 21:30:56 | (899 files, 99% size)
2021-07-12 21:30:58 | (899 files, 99% size)
2021-07-12 21:31:00 | (899 files, 99% size)
2021-07-12 21:31:02 | (899 files, 99% size)
2021-07-12 21:31:04 | (899 files, 99% size)
2021-07-12 21:31:06 | (899 files, 99% size)
2021-07-12 21:31:08 | (899 files, 99% size)
2021-07-12 21:31:10 | (899 files, 99% size)
2021-07-12 21:31:12 | (899 files, 99% size)
2021-07-12 21:31:14 | (899 files, 99% size)
2021-07-12 21:31:16 | (899 files, 99% size)
2021-07-12 21:31:18 | (899 files, 99% size)
2021-07-12 21:31:20 | (899 files, 99% size)
2021-07-12 21:31:22 | (899 files, 99% size)
2021-07-12 21:31:24 | (899 files, 99% size)
2021-07-12 21:31:26 | (899 files, 99% size)
2021-07-12 21:31:28 | (899 files, 99% size)
2021-07-12 21:31:30 | (899 files, 99% size)
2021-07-12 21:31:32 | (899 files, 99% size)
2021-07-12 21:31:34 | (899 files, 99% size)
2021-07-12 21:31:36 | (899 files, 99% size)
2021-07-12 21:31:38 | (899 files, 99% size)
2021-07-12 21:31:40 | (899 files, 99% size)
2021-07-12 21:31:42 | (899 files, 99% size)
2021-07-12 21:31:44 | (899 files, 99% size)
2021-07-12 21:31:46 | (899 files, 99% size)
2021-07-12 21:31:48 | (899 files, 99% size)
2021-07-12 21:31:50 | (899 files, 99% size)
2021-07-12 21:31:52 | (899 files, 99% size)
2021-07-12 21:31:54 | (899 files, 99% size)
2021-07-12 21:31:56 | (899 files, 99% size)
2021-07-12 21:31:58 | (899 files, 99% size)
2021-07-12 21:32:00 | (899 files, 99% size)
2021-07-12 21:32:02 | (899 files, 99% size)
2021-07-12 21:32:04 | (899 files, 99% size)
2021-07-12 21:32:06 | (899 files, 99% size)
2021-07-12 21:32:08 | (899 files, 99% size)
2021-07-12 21:32:10 | (899 files, 99% size)
2021-07-12 21:32:12 | (899 files, 99% size)
2021-07-12 21:32:14 | (899 files, 99% size)
2021-07-12 21:32:16 | (899 files, 99% size)
2021-07-12 21:32:18 | (899 files, 99% size)
2021-07-12 21:32:20 | (899 files, 99% size)
2021-07-12 21:32:22 | (899 files, 99% size)
2021-07-12 21:32:24 | (899 files, 99% size)
2021-07-12 21:32:26 | (899 files, 99% size)
2021-07-12 21:32:28 | (899 files, 99% size)
2021-07-12 21:32:30 | (899 files, 99% size)
2021-07-12 21:32:32 | (899 files, 99% size)
2021-07-12 21:32:34 | (899 files, 99% size)
2021-07-12 21:32:36 | (899 files, 99% size)
2021-07-12 21:32:38 | (899 files, 99% size)
2021-07-12 21:32:40 | (899 files, 99% size)
2021-07-12 21:32:42 | (899 files, 99% size)
2021-07-12 21:32:44 | (899 files, 99% size)
2021-07-12 21:32:46 | (899 files, 99% size)
2021-07-12 21:32:48 | (899 files, 99% size)
2021-07-12 21:32:50 | (899 files, 99% size)
2021-07-12 21:32:52 | (899 files, 99% size)
2021-07-12 21:32:54 | (899 files, 99% size)
2021-07-12 21:32:56 | (899 files, 99% size)
2021-07-12 21:32:58 | (899 files, 99% size)
2021-07-12 21:33:00 | (899 files, 99% size)
2021-07-12 21:33:02 | (899 files, 99% size)
2021-07-12 21:33:04 | (899 files, 99% size)
2021-07-12 21:33:06 | (899 files, 99% size)
2021-07-12 21:33:08 | (899 files, 99% size)
2021-07-12 21:33:10 | (899 files, 99% size)
2021-07-12 21:33:12 | (899 files, 99% size)
2021-07-12 21:33:14 | (899 files, 99% size)
2021-07-12 21:33:16 | (899 files, 99% size)
2021-07-12 21:33:18 | (899 files, 99% size)
2021-07-12 21:33:20 | (899 files, 99% size)
2021-07-12 21:33:22 | (899 files, 99% size)
2021-07-12 21:33:24 | (899 files, 99% size)
2021-07-12 21:33:26 | (899 files, 99% size)
2021-07-12 21:33:28 | (899 files, 99% size)
2021-07-12 21:33:30 | (899 files, 99% size)
2021-07-12 21:33:32 | (899 files, 99% size)
2021-07-12 21:33:34 | (899 files, 99% size)
2021-07-12 21:33:36 | (899 files, 99% size)
2021-07-12 21:33:38 | (899 files, 99% size)
2021-07-12 21:33:40 | (899 files, 99% size)
2021-07-12 21:33:42 | (899 files, 99% size)
2021-07-12 21:33:44 | (899 files, 99% size)
2021-07-12 21:33:46 | (899 files, 99% size)
2021-07-12 21:33:48 | (899 files, 99% size)
2021-07-12 21:33:50 | (899 files, 99% size)
2021-07-12 21:33:52 | (899 files, 99% size)
2021-07-12 21:33:54 | (899 files, 99% size)
2021-07-12 21:33:56 | (899 files, 99% size)
2021-07-12 21:34:00 | (899 files, 99% size)
2021-07-12 21:34:02 | (899 files, 99% size)
2021-07-12 21:34:04 | (899 files, 99% size)
2021-07-12 21:34:06 | (899 files, 99% size)
2021-07-12 21:34:08 | (899 files, 99% size)
2021-07-12 21:34:10 | (899 files, 99% size)
2021-07-12 21:34:12 | (899 files, 99% size)
2021-07-12 21:34:14 | (899 files, 99% size)
2021-07-12 21:34:16 | (899 files, 99% size)
2021-07-12 21:34:18 | (899 files, 99% size)
2021-07-12 21:34:20 | (899 files, 99% size)
2021-07-12 21:34:22 | (899 files, 99% size)
2021-07-12 21:34:24 | (899 files, 99% size)
2021-07-12 21:34:26 | (899 files, 99% size)
2021-07-12 21:34:28 | (899 files, 99% size)
2021-07-12 21:34:30 | (899 files, 99% size)
2021-07-12 21:34:32 | (899 files, 99% size)
2021-07-12 21:34:34 | (899 files, 99% size)
2021-07-12 21:34:36 | (899 files, 99% size)
2021-07-12 21:34:38 | (899 files, 99% size)
2021-07-12 21:34:40 | (899 files, 99% size)
2021-07-12 21:34:42 | (899 files, 99% size)
2021-07-12 21:34:44 | (899 files, 99% size)
2021-07-12 21:34:46 | (899 files, 99% size)
2021-07-12 21:34:48 | (899 files, 99% size)
2021-07-12 21:34:50 | (899 files, 99% size)
2021-07-12 21:34:52 | (899 files, 99% size)
2021-07-12 21:34:54 | (899 files, 99% size)
2021-07-12 21:34:56 | (899 files, 99% size)
2021-07-12 21:34:58 | (899 files, 99% size)
2021-07-12 21:35:00 | (899 files, 99% size)
2021-07-12 21:35:02 | (899 files, 99% size)
2021-07-12 21:35:04 | (899 files, 99% size)
2021-07-12 21:35:06 | (899 files, 99% size)
2021-07-12 21:35:08 | (899 files, 99% size)
2021-07-12 21:35:10 | (899 files, 99% size)
2021-07-12 21:35:12 | (899 files, 99% size)
2021-07-12 21:35:14 | (899 files, 99% size)
2021-07-12 21:35:16 | (899 files, 99% size)
2021-07-12 21:35:18 | (899 files, 99% size)
2021-07-12 21:35:20 | (899 files, 99% size)
2021-07-12 21:35:22 | (899 files, 99% size)
